('int', -1)
('id', 2)
(',', -1)
('id', 2)
(';', -1)
('in', -1)
('(', -1)
('id', 2)
(')', -1)
(';', -1)
('in', -1)
('(', -1)
('id', 2)
(')', -1)
(';', -1)
('int', -1)
('id', 6)
(',', -1)
('id', 7)
(';', -1)
('id', 6)
('=', -1)
('id', 2)
(';', -1)
('id', 7)
('=', -1)
('id', 2)
(';', -1)
('loop', -1)
('(', -1)
('id', 2)
('!', -1)
('=', -1)
('id', 2)
(')', -1)
('[', -1)
('if', -1)
('(', -1)
('id', 2)
('>', -1)
('id', 2)
(')', -1)
('[', -1)
('id', 2)
('=', -1)
('id', 2)
('-', -1)
('id', 2)
(';', -1)
(']', -1)
('else', -1)
('[', -1)
('id', 2)
('=', -1)
('id', 2)
('-', -1)
('id', 2)
(';', -1)
(']', -1)
(']', -1)
('out', -1)
('(', -1)
('const', 9)
('+', -1)
('id', 6)
('+', -1)
('const', 6)
('+', -1)
('id', 7)
('+', -1)
('const', 8)
('+', -1)
('id', 2)
(')', -1)
(';', -1)
